<?xml version="1.0" encoding="utf-8"?><testsuites><testsuite errors="0" failures="0" hostname="a483e7b4ac57.ant.amazon.com" name="pytest" skipped="0" tests="0" time="0.480" timestamp="2020-08-12T11:49:07.687578"></testsuite></testsuites>